############################################################################################################################
# LOVOALIGN 
# http://www.ime.unicamp.br/~martinez/lovoalign
############################################################################################################################
# Prot A: Variable protein: from list
# Prot B: Target (fixed) protein: FIXED_INPUT/1C75_A.pdb
# PDB file list: pdb/pdblist.txt
# Number of files in list:      710
# SCORE: Best TM-SCORE score obtained. 
# COV: Coverage (number of corresponding atoms).
# RMSD: Root mean square deviation of COV atoms.
# COV2: Number of atoms closer than    3.000 Angstroms.
# RMSD2: Root mean square deviation of COV2 atoms.
# GDT_TS: Global Distance Test (GDT) total score.
# GDT_HA: High-accuracy GDT score.
# TIME: Time used in this alignment.
############################################################################################################################
# Prot A             Prot B                       SCORE   COV         RMSD  COV2        RMSD2   GDT_TS   GDT_HA         TIME
PRE00_S_00000001.pdb 1C75_A.pdb                0.548073    71     3.556540    39     1.828182   51.761   28.169     0.004000
PRE00_S_00000002.pdb 1C75_A.pdb                0.429089    71     6.151202    32     1.975879   40.845   21.479     0.000000
PRE00_S_00000003.pdb 1C75_A.pdb                0.482199    71     4.190989    32     1.948923   47.183   23.592     0.000000
PRE00_S_00000004.pdb 1C75_A.pdb                0.401053    71     5.388191    27     2.148424   39.085   17.958     0.000000
PRE00_S_00000005.pdb 1C75_A.pdb                0.488761    71     4.030411    36     2.103955   48.592   24.296     0.000000
PRE00_S_00000006.pdb 1C75_A.pdb                0.604997    71     3.181607    46     1.775159   59.155   34.507     0.000000
PRE00_S_00000007.pdb 1C75_A.pdb                0.504047    71     4.705075    37     1.727612   48.592   26.761     0.000000
PRE00_S_00000008.pdb 1C75_A.pdb                0.519757    71     4.007371    42     2.038010   49.648   25.352     0.000000
PRE00_S_00000009.pdb 1C75_A.pdb                0.430463    71     6.635726    33     2.153408   41.549   22.887     0.000000
PRE00_S_00000010.pdb 1C75_A.pdb                0.563214    71     3.591418    45     1.921662   54.225   29.577     0.000000
PRE00_S_00000011.pdb 1C75_A.pdb                0.436781    71     6.087332    25     1.591773   43.310   23.944     0.000000
PRE00_S_00000012.pdb 1C75_A.pdb                0.263595    71    10.250940    18     1.884756   23.592   11.620     0.000000
PRE00_S_00000013.pdb 1C75_A.pdb                0.556805    71     3.633917    43     1.957958   54.225   29.577     0.000000
PRE00_S_00000014.pdb 1C75_A.pdb                0.632519    71     2.851986    53     1.861458   59.859   34.859     0.000000
PRE00_S_00000015.pdb 1C75_A.pdb                0.501920    71     4.055916    37     2.060433   48.239   24.648     0.000000
PRE00_S_00000016.pdb 1C75_A.pdb                0.691134    71     2.523858    57     1.757108   68.310   44.718     0.000000
PRE00_S_00000017.pdb 1C75_A.pdb                0.608083    71     3.392994    51     1.851931   58.099   33.451     0.000000
PRE00_S_00000018.pdb 1C75_A.pdb                0.470092    71     5.688807    32     1.615814   48.944   27.465     0.000000
PRE00_S_00000019.pdb 1C75_A.pdb                0.551750    71     3.380909    39     1.981986   53.169   28.873     0.000000
PRE00_S_00000020.pdb 1C75_A.pdb                0.578988    71     3.775165    42     1.777361   57.394   33.451     0.000000
PRE00_S_00000021.pdb 1C75_A.pdb                0.544839    71     3.795347    43     2.051451   51.056   27.817     0.000000
PRE00_S_00000022.pdb 1C75_A.pdb                0.528108    71     3.773684    39     1.954056   52.465   27.817     0.000000
PRE00_S_00000023.pdb 1C75_A.pdb                0.420790    71     5.424716    29     2.182124   40.141   18.662     0.000000
PRE00_S_00000024.pdb 1C75_A.pdb                0.525421    71     3.961429    40     1.964537   48.239   25.352     0.000000
PRE00_S_00000025.pdb 1C75_A.pdb                0.498132    71     4.111176    36     1.980695   50.000   25.352     0.000000
PRE00_S_00000026.pdb 1C75_A.pdb                0.532254    71     3.904360    39     1.876761   51.056   27.465     0.000000
PRE00_S_00000027.pdb 1C75_A.pdb                0.472260    71     4.423284    34     2.022010   45.775   22.535     0.000000
PRE00_S_00000028.pdb 1C75_A.pdb                0.479182    71     5.040922    38     1.982631   46.479   24.648     0.000000
PRE00_S_00000029.pdb 1C75_A.pdb                0.475024    71     4.173215    34     2.118908   45.775   21.831     0.000000
PRE00_S_00000030.pdb 1C75_A.pdb                0.460096    71     4.381633    33     2.236390   44.366   20.423     0.000000
PRE00_S_00000031.pdb 1C75_A.pdb                0.430010    71     6.961696    30     1.715384   41.549   23.239     0.000000
PRE00_S_00000032.pdb 1C75_A.pdb                0.469357    71     4.477905    32     2.005580   47.183   22.887     0.000000
PRE00_S_00000033.pdb 1C75_A.pdb                0.400490    71     6.506743    23     1.638420   39.437   20.070     0.000000
PRE00_S_00000034.pdb 1C75_A.pdb                0.403897    71     6.859863    26     1.815427   39.437   22.535     0.000000
PRE00_S_00000035.pdb 1C75_A.pdb                0.507921    71     4.355483    33     1.611241   51.761   28.873     0.000000
PRE00_S_00000036.pdb 1C75_A.pdb                0.480840    71     4.907727    35     1.831342   48.239   25.704     0.000000
PRE00_S_00000037.pdb 1C75_A.pdb                0.490873    71     4.076195    35     1.985948   48.944   24.296     0.000000
PRE00_S_00000038.pdb 1C75_A.pdb                0.402510    71     6.324169    26     1.769052   37.676   19.718     0.000000
PRE00_S_00000039.pdb 1C75_A.pdb                0.499833    71     5.183235    37     1.762677   48.239   26.056     0.000000
PRE00_S_00000040.pdb 1C75_A.pdb                0.487690    71     5.568172    37     1.842557   44.718   24.296     0.000000
PRE00_S_00000041.pdb 1C75_A.pdb                0.409909    71     5.131156    24     2.037381   38.732   17.254     0.000000
PRE00_S_00000042.pdb 1C75_A.pdb                0.446651    71     5.420814    31     1.925462   42.958   21.127     0.000000
PRE00_S_00000043.pdb 1C75_A.pdb                0.459673    71     4.413609    34     2.160580   45.070   21.479     0.000000
PRE00_S_00000044.pdb 1C75_A.pdb                0.275323    71    14.302682    19     1.399238   26.056   16.549     0.000000
PRE00_S_00000045.pdb 1C75_A.pdb                0.482876    71     5.480207    32     1.681711   48.592   26.761     0.000000
PRE00_S_00000046.pdb 1C75_A.pdb                0.478405    71     5.935294    36     1.887187   46.127   26.056     0.000000
PRE00_S_00000047.pdb 1C75_A.pdb                0.492336    71     3.902819    30     1.995140   50.352   25.704     0.000000
PRE00_S_00000048.pdb 1C75_A.pdb                0.548120    71     3.486765    36     1.951387   54.225   30.282     0.000000
PRE00_S_00000049.pdb 1C75_A.pdb                0.447550    71     5.766901    36     1.981367   41.901   21.479     0.000000
PRE00_S_00000050.pdb 1C75_A.pdb                0.486273    71     4.435740    35     1.918646   47.535   24.296     0.000000
PRE00_S_00000051.pdb 1C75_A.pdb                0.446985    71     4.417830    26     1.884975   41.901   18.310     0.000000
PRE00_S_00000052.pdb 1C75_A.pdb                0.575605    71     3.569844    40     1.622013   56.338   32.042     0.000000
PRE00_S_00000053.pdb 1C75_A.pdb                0.494688    71     4.052191    37     2.122849   47.535   23.944     0.000000
PRE00_S_00000054.pdb 1C75_A.pdb                0.477624    71     4.170267    33     2.160215   46.127   23.239     0.000000
PRE00_S_00000055.pdb 1C75_A.pdb                0.504961    71     5.696201    40     1.952183   48.592   27.465     0.000000
PRE00_S_00000056.pdb 1C75_A.pdb                0.433142    71     5.398929    32     2.019092   42.606   20.070     0.000000
PRE00_S_00000057.pdb 1C75_A.pdb                0.537689    71     4.424260    41     1.820201   51.408   28.169     0.000000
PRE00_S_00000058.pdb 1C75_A.pdb                0.591181    71     3.012881    49     2.033010   56.690   31.690     0.004000
PRE00_S_00000059.pdb 1C75_A.pdb                0.446667    71     6.070806    35     2.002219   42.254   23.239     0.000000
PRE00_S_00000060.pdb 1C75_A.pdb                0.420529    71     6.540514    32     1.988342   39.789   20.423     0.000000
PRE00_S_00000061.pdb 1C75_A.pdb                0.326054    71     9.134163    23     1.886644   30.986   17.254     0.000000
PRE00_S_00000062.pdb 1C75_A.pdb                0.283254    71    11.037755    17     1.735348   26.408   12.676     0.000000
PRE00_S_00000063.pdb 1C75_A.pdb                0.478008    71     4.294565    37     2.081338   45.423   21.479     0.000000
PRE00_S_00000064.pdb 1C75_A.pdb                0.477270    71     6.954032    34     1.586199   44.718   26.056     0.000000
PRE00_S_00000065.pdb 1C75_A.pdb                0.462369    71     6.173379    33     1.689328   45.423   26.408     0.000000
PRE00_S_00000066.pdb 1C75_A.pdb                0.567775    71     3.417772    43     1.874208   53.873   29.225     0.000000
PRE00_S_00000067.pdb 1C75_A.pdb                0.596758    71     3.274637    50     1.887658   57.746   33.451     0.000000
PRE00_S_00000068.pdb 1C75_A.pdb                0.509720    71     7.733462    37     1.406998   48.944   32.042     0.000000
PRE00_S_00000069.pdb 1C75_A.pdb                0.476811    71     7.855893    40     2.102763   46.127   26.056     0.000000
PRE00_S_00000070.pdb 1C75_A.pdb                0.519015    71     4.037710    40     1.957284   49.296   25.704     0.000000
PRE00_S_00000071.pdb 1C75_A.pdb                0.485925    71     6.034107    34     1.538543   47.183   26.408     0.000000
PRE00_S_00000072.pdb 1C75_A.pdb                0.598382    71     2.926248    48     1.957059   56.338   32.042     0.000000
PRE00_S_00000073.pdb 1C75_A.pdb                0.467204    71     4.703063    30     1.936480   46.831   24.296     0.000000
PRE00_S_00000074.pdb 1C75_A.pdb                0.495083    71     4.070387    31     1.740225   47.887   23.592     0.000000
PRE00_S_00000075.pdb 1C75_A.pdb                0.494483    71     4.869611    32     1.451666   49.648   27.113     0.000000
PRE00_S_00000076.pdb 1C75_A.pdb                0.446723    71     5.280403    29     1.665014   42.254   20.423     0.000000
PRE00_S_00000077.pdb 1C75_A.pdb                0.457896    71     5.390598    37     2.245499   43.310   21.479     0.000000
PRE00_S_00000078.pdb 1C75_A.pdb                0.515022    71     4.006838    35     1.861179   50.352   26.761     0.000000
PRE00_S_00000079.pdb 1C75_A.pdb                0.459200    71     5.919590    34     1.776142   44.718   25.000     0.000000
PRE00_S_00000080.pdb 1C75_A.pdb                0.465417    71     5.743794    38     2.050518   44.014   25.000     0.000000
PRE00_S_00000081.pdb 1C75_A.pdb                0.376118    71     7.101948    24     1.562493   35.563   19.718     0.000000
PRE00_S_00000082.pdb 1C75_A.pdb                0.499806    71     6.013135    40     1.832337   47.887   28.873     0.000000
PRE00_S_00000083.pdb 1C75_A.pdb                0.321060    71     9.062729    21     1.814762   29.577   14.085     0.000000
PRE00_S_00000084.pdb 1C75_A.pdb                0.519795    71     3.815369    39     2.048562   51.408   27.465     0.000000
PRE00_S_00000085.pdb 1C75_A.pdb                0.487008    71     4.043807    32     2.027945   48.239   24.648     0.000000
PRE00_S_00000086.pdb 1C75_A.pdb                0.557455    71     4.025315    39     1.475299   54.577   30.634     0.000000
PRE00_S_00000087.pdb 1C75_A.pdb                0.479205    71     4.171830    34     2.028487   45.070   21.127     0.004000
PRE00_S_00000088.pdb 1C75_A.pdb                0.361314    71     7.518824    25     2.121721   33.099   15.845     0.000000
PRE00_S_00000089.pdb 1C75_A.pdb                0.442080    71     6.996907    35     1.970056   42.254   23.944     0.000000
PRE00_S_00000090.pdb 1C75_A.pdb                0.435799    71     5.742478    27     1.713219   41.549   22.183     0.000000
PRE00_S_00000091.pdb 1C75_A.pdb                0.480405    71     4.050445    36     2.111925   47.183   22.535     0.000000
PRE00_S_00000092.pdb 1C75_A.pdb                0.480060    71     4.888765    37     1.876190   45.423   24.296     0.000000
PRE00_S_00000093.pdb 1C75_A.pdb                0.550018    71     3.304286    45     2.126482   52.113   27.113     0.000000
PRE00_S_00000094.pdb 1C75_A.pdb                0.488496    71     4.332561    36     2.102232   47.535   24.296     0.000000
PRE00_S_00000095.pdb 1C75_A.pdb                0.530246    71     3.808888    41     2.030212   51.056   27.113     0.004000
PRE00_S_00000096.pdb 1C75_A.pdb                0.468719    71     4.645233    31     1.956715   46.831   23.592     0.000000
PRE00_S_00000097.pdb 1C75_A.pdb                0.492241    71     4.812989    40     2.064833   47.535   26.408     0.000000
PRE00_S_00000098.pdb 1C75_A.pdb                0.489966    71     6.147852    35     1.541064   48.592   28.873     0.000000
PRE00_S_00000099.pdb 1C75_A.pdb                0.589033    71     3.385371    48     1.929297   55.634   31.338     0.004000
PRE00_S_00000100.pdb 1C75_A.pdb                0.410435    71     6.217590    28     1.866517   39.437   19.718     0.000000
PRE00_S_00000101.pdb 1C75_A.pdb                0.536965    71     3.911723    43     1.990379   52.113   28.521     0.000000
PRE00_S_00000102.pdb 1C75_A.pdb                0.511522    71     4.134477    37     1.958383   48.592   26.056     0.000000
PRE00_S_00000103.pdb 1C75_A.pdb                0.477058    71     4.340327    32     1.937025   45.775   22.535     0.000000
PRE00_S_00000104.pdb 1C75_A.pdb                0.286055    71    13.285946    18     1.180703   27.817   19.718     0.000000
PRE00_S_00000105.pdb 1C75_A.pdb                0.439240    71     4.290421    27     2.059146   42.606   18.310     0.000000
PRE00_S_00000106.pdb 1C75_A.pdb                0.526044    71     4.942395    35     1.373337   52.817   30.634     0.000000
PRE00_S_00000107.pdb 1C75_A.pdb                0.505624    71     3.739089    39     2.192853   49.648   25.000     0.000000
PRE00_S_00000108.pdb 1C75_A.pdb                0.528149    71     3.556637    37     2.007446   52.113   28.169     0.000000
PRE00_S_00000109.pdb 1C75_A.pdb                0.342601    71     5.981479    16     2.357927   34.155   13.732     0.000000
PRE00_S_00000110.pdb 1C75_A.pdb                0.687749    71     2.715134    58     1.724890   67.254   42.958     0.000000
PRE00_S_00000111.pdb 1C75_A.pdb                0.358162    71     9.058001    23     1.900341   33.803   16.901     0.000000
PRE00_S_00000112.pdb 1C75_A.pdb                0.537605    71     4.152078    43     1.917020   53.521   29.577     0.000000
PRE00_S_00000113.pdb 1C75_A.pdb                0.265290    71    10.049518    17     2.052299   25.000   10.915     0.000000
PRE00_S_00000114.pdb 1C75_A.pdb                0.373637    71     8.302792    25     1.510056   34.859   20.070     0.000000
PRE00_S_00000115.pdb 1C75_A.pdb                0.492204    71     4.846708    35     1.763676   46.831   25.000     0.000000
PRE00_S_00000116.pdb 1C75_A.pdb                0.625082    71     3.133612    55     1.924388   60.211   36.268     0.000000
PRE00_S_00000117.pdb 1C75_A.pdb                0.473043    71     3.993760    30     2.021835   48.239   23.592     0.000000
PRE00_S_00000118.pdb 1C75_A.pdb                0.544772    71     3.458531    43     1.982391   52.113   27.465     0.000000
PRE00_S_00000119.pdb 1C75_A.pdb                0.563111    71     3.817889    49     2.014847   53.169   29.577     0.000000
PRE00_S_00000120.pdb 1C75_A.pdb                0.599937    71     3.467713    47     1.814669   57.042   33.451     0.000000
PRE00_S_00000121.pdb 1C75_A.pdb                0.501916    71     4.069352    39     2.096018   48.592   24.296     0.000000
PRE00_S_00000122.pdb 1C75_A.pdb                0.527046    71     3.523247    37     1.964236   51.056   26.761     0.000000
PRE00_S_00000123.pdb 1C75_A.pdb                0.386877    71     7.724108    26     1.733584   35.563   19.366     0.000000
PRE00_S_00000124.pdb 1C75_A.pdb                0.403831    71     5.882599    25     1.910803   40.845   19.718     0.000000
PRE00_S_00000125.pdb 1C75_A.pdb                0.543883    71     4.072078    43     1.951095   51.761   28.873     0.000000
PRE00_S_00000126.pdb 1C75_A.pdb                0.379043    71     8.859460    26     2.198149   34.859   17.254     0.000000
PRE00_S_00000127.pdb 1C75_A.pdb                0.497517    71     3.812534    36     2.140023   48.592   24.296     0.000000
PRE00_S_00000128.pdb 1C75_A.pdb                0.447530    71     4.372186    25     1.869595   45.070   21.479     0.000000
PRE00_S_00000129.pdb 1C75_A.pdb                0.252595    71    10.849325    13     2.122305   23.239    9.859     0.000000
PRE00_S_00000130.pdb 1C75_A.pdb                0.356033    71     8.531910    22     1.784208   34.155   17.254     0.000000
PRE00_S_00000131.pdb 1C75_A.pdb                0.534845    71     4.088986    41     1.952151   49.648   27.465     0.000000
PRE00_S_00000132.pdb 1C75_A.pdb                0.446795    71     4.634549    30     2.026380   43.310   19.718     0.000000
PRE00_S_00000133.pdb 1C75_A.pdb                0.593609    71     3.059970    48     1.922405   57.746   33.099     0.000000
PRE00_S_00000134.pdb 1C75_A.pdb                0.527553    71     4.055572    39     1.996625   51.761   29.225     0.000000
PRE00_S_00000135.pdb 1C75_A.pdb                0.518863    71     3.827963    40     2.005791   50.352   26.056     0.000000
PRE00_S_00000136.pdb 1C75_A.pdb                0.607357    71     3.494231    46     1.737341   58.451   34.859     0.000000
PRE00_S_00000137.pdb 1C75_A.pdb                0.508363    71     3.808966    39     2.055287   50.352   25.352     0.000000
PRE00_S_00000138.pdb 1C75_A.pdb                0.491108    71     4.941847    38     1.813705   46.127   25.352     0.000000
PRE00_S_00000139.pdb 1C75_A.pdb                0.494746    71     4.138199    33     2.001458   49.296   25.352     0.000000
PRE00_S_00000140.pdb 1C75_A.pdb                0.531345    71     3.810344    43     2.058142   51.408   27.113     0.000000
PRE00_S_00000141.pdb 1C75_A.pdb                0.395508    71     6.311798    25     1.798776   38.028   18.310     0.000000
PRE00_S_00000142.pdb 1C75_A.pdb                0.512840    71     4.049340    38     2.032085   49.296   25.704     0.000000
PRE00_S_00000143.pdb 1C75_A.pdb                0.526645    71     3.895179    40     2.029245   51.761   27.465     0.000000
PRE00_S_00000144.pdb 1C75_A.pdb                0.588135    71     3.752650    43     1.542219   57.746   33.451     0.000000
PRE00_S_00000145.pdb 1C75_A.pdb                0.528828    71     3.480613    41     2.162875   52.817   28.169     0.000000
PRE00_S_00000146.pdb 1C75_A.pdb                0.563720    71     3.822359    44     1.919095   55.282   32.042     0.000000
PRE00_S_00000147.pdb 1C75_A.pdb                0.472542    71     4.671232    30     1.847854   47.183   23.944     0.000000
PRE00_S_00000148.pdb 1C75_A.pdb                0.443713    71     5.428861    28     1.605274   44.366   23.944     0.000000
PRE00_S_00000149.pdb 1C75_A.pdb                0.431663    71     8.430594    31     1.604280   41.197   25.000     0.000000
PRE00_S_00000150.pdb 1C75_A.pdb                0.483501    71     4.388030    32     1.650698   46.831   23.239     0.000000
PRE00_S_00000151.pdb 1C75_A.pdb                0.463456    71     5.939906    36     2.000619   44.014   23.592     0.000000
PRE00_S_00000152.pdb 1C75_A.pdb                0.380231    71     6.574637    25     2.122581   36.972   17.254     0.000000
PRE00_S_00000153.pdb 1C75_A.pdb                0.491538    71     5.983317    36     1.610777   47.887   28.873     0.000000
PRE00_S_00000154.pdb 1C75_A.pdb                0.463034    71     5.618800    30     1.760973   45.775   25.000     0.000000
PRE00_S_00000155.pdb 1C75_A.pdb                0.587768    71     3.468177    45     1.754767   57.394   32.746     0.000000
PRE00_S_00000156.pdb 1C75_A.pdb                0.456185    71     5.488903    31     1.621425   46.127   23.592     0.000000
PRE00_S_00000157.pdb 1C75_A.pdb                0.577655    71     3.498955    49     2.049260   55.634   31.338     0.000000
PRE00_S_00000158.pdb 1C75_A.pdb                0.491979    71     4.492915    35     1.923062   46.479   23.944     0.000000
PRE00_S_00000159.pdb 1C75_A.pdb                0.404906    71     6.410681    29     2.007684   37.676   18.310     0.000000
PRE00_S_00000160.pdb 1C75_A.pdb                0.610402    71     2.993498    52     1.917264   58.099   33.099     0.000000
PRE00_S_00000161.pdb 1C75_A.pdb                0.522156    71     3.394777    35     1.967860   50.704   26.056     0.000000
PRE00_S_00000162.pdb 1C75_A.pdb                0.513844    71     4.513098    34     1.451564   51.761   28.521     0.000000
PRE00_S_00000163.pdb 1C75_A.pdb                0.474485    71     4.106460    35     2.214862   46.479   22.183     0.000000
PRE00_S_00000164.pdb 1C75_A.pdb                0.548645    71     4.130409    41     1.853423   53.521   29.577     0.000000
PRE00_S_00000165.pdb 1C75_A.pdb                0.537881    71     3.590513    40     1.975154   52.465   27.817     0.000000
PRE00_S_00000166.pdb 1C75_A.pdb                0.266864    71     9.429109    15     1.985744   26.056   11.268     0.000000
PRE00_S_00000167.pdb 1C75_A.pdb                0.474412    71     4.844072    33     1.756512   46.479   23.239     0.000000
PRE00_S_00000168.pdb 1C75_A.pdb                0.483252    71     4.009921    27     1.672313   49.296   24.296     0.000000
PRE00_S_00000169.pdb 1C75_A.pdb                0.388373    71     7.281169    25     1.673541   37.676   19.014     0.000000
PRE00_S_00000170.pdb 1C75_A.pdb                0.469407    71     4.382536    32     2.196286   46.479   23.944     0.000000
PRE00_S_00000171.pdb 1C75_A.pdb                0.477441    71     4.942836    33     1.889582   47.887   26.056     0.000000
PRE00_S_00000172.pdb 1C75_A.pdb                0.477935    71     5.694784    40     1.973076   45.070   23.592     0.000000
PRE00_S_00000173.pdb 1C75_A.pdb                0.461913    71     4.357194    27     1.781717   46.831   22.887     0.000000
PRE00_S_00000174.pdb 1C75_A.pdb                0.543579    71     3.544887    39     1.808885   52.817   27.817     0.000000
PRE00_S_00000175.pdb 1C75_A.pdb                0.417938    71     5.969887    24     1.352809   42.958   23.239     0.000000
PRE00_S_00000176.pdb 1C75_A.pdb                0.426517    71     5.253545    23     1.484928   41.901   19.718     0.004000
PRE00_S_00000177.pdb 1C75_A.pdb                0.465499    71     5.821234    31     1.677963   45.423   25.704     0.000000
PRE00_S_00000178.pdb 1C75_A.pdb                0.476394    71     4.596126    34     1.918604   46.479   23.592     0.004000
PRE00_S_00000179.pdb 1C75_A.pdb                0.521084    71     3.820164    42     2.119193   48.944   25.000     0.000000
PRE00_S_00000180.pdb 1C75_A.pdb                0.606119    71     3.016655    48     1.872252   57.042   32.042     0.000000
PRE00_S_00000181.pdb 1C75_A.pdb                0.461237    71     4.676698    29     1.857744   44.718   21.831     0.000000
PRE00_S_00000182.pdb 1C75_A.pdb                0.584680    71     3.178515    44     1.882444   56.690   32.394     0.000000
PRE00_S_00000183.pdb 1C75_A.pdb                0.437527    71     7.078983    34     1.984440   41.197   22.535     0.000000
PRE00_S_00000184.pdb 1C75_A.pdb                0.442474    71     4.570859    28     2.135513   42.958   19.718     0.000000
PRE00_S_00000185.pdb 1C75_A.pdb                0.487795    71     4.027098    36     2.106892   46.479   22.535     0.000000
PRE00_S_00000186.pdb 1C75_A.pdb                0.370660    71     8.131751    26     2.001536   35.915   17.254     0.000000
PRE00_S_00000187.pdb 1C75_A.pdb                0.574221    71     3.386951    44     1.870116   56.338   32.042     0.000000
PRE00_S_00000188.pdb 1C75_A.pdb                0.468041    71     4.764503    29     1.623147   46.831   24.296     0.004000
PRE00_S_00000189.pdb 1C75_A.pdb                0.514374    71     3.806388    37     2.005005   50.000   25.352     0.000000
PRE00_S_00000190.pdb 1C75_A.pdb                0.463132    71     5.266271    32     1.777408   44.718   23.592     0.000000
PRE00_S_00000191.pdb 1C75_A.pdb                0.495132    71     4.296900    37     2.051757   48.944   25.704     0.000000
PRE00_S_00000192.pdb 1C75_A.pdb                0.474182    71     4.227927    31     1.990407   46.831   22.887     0.000000
PRE00_S_00000193.pdb 1C75_A.pdb                0.451264    71     6.115108    31     1.668055   44.366   25.352     0.000000
PRE00_S_00000194.pdb 1C75_A.pdb                0.392597    71     6.681806    25     1.788878   38.028   18.662     0.004000
PRE00_S_00000195.pdb 1C75_A.pdb                0.609670    71     2.942317    54     2.029007   57.394   32.746     0.000000
PRE00_S_00000196.pdb 1C75_A.pdb                0.304192    71     9.132091    20     2.229397   29.577   13.380     0.000000
PRE00_S_00000197.pdb 1C75_A.pdb                0.608800    71     3.445239    50     1.884583   58.451   35.211     0.000000
PRE00_S_00000198.pdb 1C75_A.pdb                0.488203    71     4.115024    37     2.055389   48.592   23.944     0.000000
PRE00_S_00000199.pdb 1C75_A.pdb                0.393184    71     6.720082    27     2.049903   37.676   18.662     0.000000
PRE00_S_00000200.pdb 1C75_A.pdb                0.447094    71     5.937416    33     2.011583   44.014   23.592     0.000000
PRE00_S_00000201.pdb 1C75_A.pdb                0.461477    71     4.190547    33     2.200530   45.775   21.479     0.000000
PRE00_S_00000202.pdb 1C75_A.pdb                0.503807    71     6.078862    40     1.807496   46.831   26.056     0.004000
PRE00_S_00000203.pdb 1C75_A.pdb                0.486900    71     4.048329    31     1.930866   48.592   24.648     0.000000
PRE00_S_00000204.pdb 1C75_A.pdb                0.603386    71     3.439053    46     1.844471   59.507   35.915     0.000000
PRE00_S_00000205.pdb 1C75_A.pdb                0.439736    71     9.631552    30     1.226816   44.014   30.986     0.000000
PRE00_S_00000206.pdb 1C75_A.pdb                0.466371    71     5.197667    34     1.914792   43.662   23.239     0.000000
PRE00_S_00000207.pdb 1C75_A.pdb                0.497878    71     6.387280    36     1.531404   48.944   29.930     0.004000
PRE00_S_00000208.pdb 1C75_A.pdb                0.480136    71     4.253600    35     2.055048   47.183   23.239     0.000000
PRE00_S_00000209.pdb 1C75_A.pdb                0.510065    71     4.139365    39     2.030506   50.704   26.761     0.000000
PRE00_S_00000210.pdb 1C75_A.pdb                0.500689    71     5.291460    39     2.015696   46.831   25.704     0.000000
PRE00_S_00000211.pdb 1C75_A.pdb                0.507288    71     3.757332    39     2.230562   47.887   23.944     0.000000
PRE00_S_00000212.pdb 1C75_A.pdb                0.497569    71     4.179918    38     2.100525   48.592   25.352     0.000000
PRE00_S_00000213.pdb 1C75_A.pdb                0.482530    71     5.807042    38     1.860840   45.423   27.465     0.000000
PRE00_S_00000214.pdb 1C75_A.pdb                0.330024    71     9.938453    23     1.899857   30.986   16.197     0.000000
PRE00_S_00000215.pdb 1C75_A.pdb                0.472049    71     4.235136    33     2.128737   46.479   22.887     0.004000
PRE00_S_00000216.pdb 1C75_A.pdb                0.539288    71     3.628807    38     1.827797   52.817   28.169     0.000000
PRE00_S_00000217.pdb 1C75_A.pdb                0.507031    71     4.331698    37     1.790506   49.648   26.056     0.000000
PRE00_S_00000218.pdb 1C75_A.pdb                0.508511    71     5.026448    38     1.921149   48.944   27.113     0.000000
PRE00_S_00000219.pdb 1C75_A.pdb                0.472688    71     4.474998    32     1.974811   46.127   23.592     0.000000
PRE00_S_00000220.pdb 1C75_A.pdb                0.560321    71     3.737961    44     1.965629   53.873   30.282     0.000000
PRE00_S_00000221.pdb 1C75_A.pdb                0.560924    71     3.492108    40     1.776963   54.577   29.930     0.004000
PRE00_S_00000222.pdb 1C75_A.pdb                0.460578    71     5.039161    29     1.609113   44.718   23.944     0.000000
PRE00_S_00000223.pdb 1C75_A.pdb                0.355213    71     6.605025    21     2.040192   33.099   16.197     0.000000
PRE00_S_00000224.pdb 1C75_A.pdb                0.425701    71     6.340948    29     1.707833   40.141   21.479     0.004000
PRE00_S_00000225.pdb 1C75_A.pdb                0.460714    71     5.071487    35     1.980816   43.310   21.831     0.000000
PRE00_S_00000226.pdb 1C75_A.pdb                0.416244    71     5.321034    30     2.070343   39.437   19.014     0.000000
PRE00_S_00000227.pdb 1C75_A.pdb                0.634265    71     3.051661    56     1.883817   58.803   34.859     0.000000
PRE00_S_00000228.pdb 1C75_A.pdb                0.484611    71     4.006335    33     2.154201   48.944   26.056     0.000000
PRE00_S_00000229.pdb 1C75_A.pdb                0.484639    71     4.016140    32     2.117297   47.535   23.592     0.000000
PRE00_S_00000230.pdb 1C75_A.pdb                0.507292    71     4.127935    41     2.094923   47.535   23.944     0.000000
PRE00_S_00000231.pdb 1C75_A.pdb                0.564841    71     3.699376    48     1.992799   53.169   29.577     0.000000
PRE00_S_00000232.pdb 1C75_A.pdb                0.414630    71     6.006420    29     2.085158   38.380   18.662     0.000000
PRE00_S_00000233.pdb 1C75_A.pdb                0.511915    71     4.152807    35     1.799575   50.352   26.408     0.000000
PRE00_S_00000234.pdb 1C75_A.pdb                0.554487    71     4.082558    40     1.740591   54.225   31.690     0.004000
PRE00_S_00000235.pdb 1C75_A.pdb                0.421069    71     4.630432    27     2.212300   41.197   17.958     0.000000
PRE00_S_00000236.pdb 1C75_A.pdb                0.520520    71     4.428846    37     1.870156   49.296   27.113     0.000000
PRE00_S_00000237.pdb 1C75_A.pdb                0.542926    71     3.840562    44     2.082730   52.465   28.873     0.000000
PRE00_S_00000238.pdb 1C75_A.pdb                0.572923    71     3.098059    45     2.109777   55.634   31.338     0.000000
PRE00_S_00000239.pdb 1C75_A.pdb                0.475118    71     4.256365    36     2.174629   45.775   22.183     0.000000
PRE00_S_00000240.pdb 1C75_A.pdb                0.417419    71     5.545807    30     1.951353   40.141   19.718     0.000000
PRE00_S_00000241.pdb 1C75_A.pdb                0.254967    71     9.557339    14     2.100732   23.592   10.211     0.000000
PRE00_S_00000242.pdb 1C75_A.pdb                0.482207    71     4.002469    31     1.859412   46.831   22.183     0.000000
PRE00_S_00000243.pdb 1C75_A.pdb                0.524444    71     4.523694    39     1.647058   52.113   29.225     0.000000
PRE00_S_00000244.pdb 1C75_A.pdb                0.444899    71     4.959187    31     1.950260   45.070   21.479     0.000000
PRE00_S_00000245.pdb 1C75_A.pdb                0.461903    71     5.642136    33     1.664240   44.718   25.000     0.000000
PRE00_S_00000246.pdb 1C75_A.pdb                0.455720    71     5.052474    33     1.945953   42.958   21.479     0.000000
PRE00_S_00000247.pdb 1C75_A.pdb                0.419679    71     6.112890    32     2.080838   40.141   21.127     0.000000
PRE00_S_00000248.pdb 1C75_A.pdb                0.457292    71     5.399500    36     1.972902   42.606   21.831     0.000000
PRE00_S_00000249.pdb 1C75_A.pdb                0.596208    71     3.225637    47     1.847957   58.803   33.803     0.000000
PRE00_S_00000250.pdb 1C75_A.pdb                0.562162    71     3.631531    42     1.927908   54.577   31.690     0.000000
PRE00_S_00000251.pdb 1C75_A.pdb                0.398814    71     7.112716    26     1.382832   37.324   22.535     0.000000
PRE00_S_00000252.pdb 1C75_A.pdb                0.413795    71     6.519693    26     1.671210   41.549   21.831     0.000000
PRE00_S_00000253.pdb 1C75_A.pdb                0.529888    71     4.112246    41     1.863872   50.352   26.761     0.004000
PRE00_S_00000254.pdb 1C75_A.pdb                0.540192    71     3.827783    41     1.945824   52.465   28.521     0.000000
PRE00_S_00000255.pdb 1C75_A.pdb                0.413978    71     4.673363    26     2.225314   41.901   19.014     0.000000
PRE00_S_00000256.pdb 1C75_A.pdb                0.532518    71     3.374832    40     2.050481   51.408   26.761     0.004000
PRE00_S_00000257.pdb 1C75_A.pdb                0.356623    71     7.636635    24     1.830450   33.451   17.254     0.000000
PRE00_S_00000258.pdb 1C75_A.pdb                0.593673    71     3.227666    49     1.877396   58.099   33.451     0.000000
PRE00_S_00000259.pdb 1C75_A.pdb                0.511379    71     3.982122    37     1.957713   49.648   25.704     0.004000
PRE00_S_00000260.pdb 1C75_A.pdb                0.355742    71     9.501768    24     1.954683   33.803   16.901     0.000000
PRE00_S_00000261.pdb 1C75_A.pdb                0.555174    71     3.928259    40     1.708591   53.521   30.282     0.004000
PRE00_S_00000262.pdb 1C75_A.pdb                0.626569    71     2.889986    53     1.877004   58.803   34.155     0.000000
PRE00_S_00000263.pdb 1C75_A.pdb                0.468887    71     4.415683    34     2.170604   46.127   23.592     0.000000
PRE00_S_00000264.pdb 1C75_A.pdb                0.353525    71     8.204005    19     1.846504   34.859   17.254     0.000000
PRE00_S_00000265.pdb 1C75_A.pdb                0.418692    71     7.010090    26     1.395517   40.141   23.944     0.000000
PRE00_S_00000266.pdb 1C75_A.pdb                0.390920    71     6.315750    26     1.907612   38.380   19.014     0.000000
PRE00_S_00000267.pdb 1C75_A.pdb                0.629919    71     3.063132    51     1.768407   59.859   35.563     0.000000
PRE00_S_00000268.pdb 1C75_A.pdb                0.475343    71     5.116556    32     1.533727   46.831   24.648     0.000000
PRE00_S_00000269.pdb 1C75_A.pdb                0.557496    71     3.848613    46     2.007967   54.225   30.282     0.000000
PRE00_S_00000270.pdb 1C75_A.pdb                0.546427    71     3.178300    38     2.080818   54.930   29.930     0.000000
PRE00_S_00000271.pdb 1C75_A.pdb                0.482562    71     3.854954    33     2.182496   48.239   23.592     0.000000
PRE00_S_00000272.pdb 1C75_A.pdb                0.607958    71     3.101987    49     1.852102   59.155   34.155     0.000000
PRE00_S_00000273.pdb 1C75_A.pdb                0.611164    71     3.560635    53     1.907549   56.690   33.099     0.000000
PRE00_S_00000274.pdb 1C75_A.pdb                0.477775    71     4.320590    33     1.865464   45.423   21.479     0.000000
PRE00_S_00000275.pdb 1C75_A.pdb                0.407812    71     7.248295    31     2.008921   37.676   20.070     0.004000
PRE00_S_00000276.pdb 1C75_A.pdb                0.413390    71     6.311636    27     1.720279   40.141   22.183     0.000000
PRE00_S_00000277.pdb 1C75_A.pdb                0.519185    71     4.239220    38     1.828941   51.056   27.465     0.000000
PRE00_S_00000278.pdb 1C75_A.pdb                0.513567    71     4.186206    39     1.959928   50.704   27.113     0.000000
PRE00_S_00000279.pdb 1C75_A.pdb                0.526422    71     3.698891    35     1.856054   50.704   26.761     0.000000
PRE00_S_00000280.pdb 1C75_A.pdb                0.472369    71     6.076112    32     1.745036   46.831   27.465     0.000000
PRE00_S_00000281.pdb 1C75_A.pdb                0.437119    71     5.773743    33     1.952510   43.662   21.831     0.000000
PRE00_S_00000282.pdb 1C75_A.pdb                0.521655    71     4.166214    40     1.900413   51.408   27.113     0.000000
PRE00_S_00000283.pdb 1C75_A.pdb                0.497344    71     7.395323    39     1.702030   46.479   27.817     0.000000
PRE00_S_00000284.pdb 1C75_A.pdb                0.579007    71     3.858982    42     1.761949   57.394   35.563     0.000000
PRE00_S_00000285.pdb 1C75_A.pdb                0.370466    71     7.911151    23     1.831094   36.268   17.958     0.000000
PRE00_S_00000286.pdb 1C75_A.pdb                0.521484    71     3.638297    41     2.081644   51.056   26.408     0.000000
PRE00_S_00000287.pdb 1C75_A.pdb                0.452850    71     4.390837    32     2.230738   45.423   21.127     0.000000
PRE00_S_00000288.pdb 1C75_A.pdb                0.524102    71     4.237135    38     1.849009   52.113   29.930     0.000000
PRE00_S_00000289.pdb 1C75_A.pdb                0.445436    71     4.839737    29     1.857074   44.014   21.831     0.000000
PRE00_S_00000290.pdb 1C75_A.pdb                0.545997    71     3.742218    40     1.969501   53.169   29.577     0.000000
PRE00_S_00000291.pdb 1C75_A.pdb                0.406215    71     5.400115    26     2.044285   38.028   16.901     0.000000
PRE00_S_00000292.pdb 1C75_A.pdb                0.485175    71     4.114111    34     2.055061   46.831   23.944     0.000000
PRE00_S_00000293.pdb 1C75_A.pdb                0.607553    71     2.972360    55     2.037225   56.690   31.690     0.000000
PRE00_S_00000294.pdb 1C75_A.pdb                0.589534    71     3.334748    49     1.952715   56.690   32.394     0.000000
PRE00_S_00000295.pdb 1C75_A.pdb                0.497528    71     5.474778    35     1.762441   48.239   26.761     0.000000
PRE00_S_00000296.pdb 1C75_A.pdb                0.492254    71     4.160580    34     1.989997   48.239   24.296     0.000000
PRE00_S_00000297.pdb 1C75_A.pdb                0.602181    71     3.438488    53     1.979783   57.746   33.803     0.000000
PRE00_S_00000298.pdb 1C75_A.pdb                0.477930    71     4.208318    35     2.036439   46.831   22.183     0.000000
PRE00_S_00000299.pdb 1C75_A.pdb                0.311525    71     8.760229    19     1.778661   29.930   14.085     0.000000
PRE00_S_00000300.pdb 1C75_A.pdb                0.491093    71     4.052025    33     2.074101   48.239   25.000     0.000000
PRE00_S_00000301.pdb 1C75_A.pdb                0.311328    71     9.603137    18     1.600591   29.930   15.845     0.000000
PRE00_S_00000302.pdb 1C75_A.pdb                0.454540    71     4.150918    31     2.262847   44.718   21.127     0.000000
PRE00_S_00000303.pdb 1C75_A.pdb                0.563491    71     3.533601    42     1.883722   56.338   32.042     0.000000
PRE00_S_00000304.pdb 1C75_A.pdb                0.445684    71     7.475776    31     1.651661   42.606   26.408     0.000000
PRE00_S_00000305.pdb 1C75_A.pdb                0.413141    71     5.990572    27     1.966046   38.380   17.606     0.000000
PRE00_S_00000306.pdb 1C75_A.pdb                0.332985    71     9.349478    23     1.860290   29.577   15.141     0.000000
PRE00_S_00000307.pdb 1C75_A.pdb                0.562598    71     3.460910    42     1.839586   54.225   29.225     0.000000
PRE00_S_00000308.pdb 1C75_A.pdb                0.385243    71     5.558724    24     1.969577   38.028   17.254     0.000000
PRE00_S_00000309.pdb 1C75_A.pdb                0.480993    71     4.210683    29     1.861881   47.887   23.944     0.000000
PRE00_S_00000310.pdb 1C75_A.pdb                0.459811    71     4.690414    31     1.938971   44.718   22.887     0.000000
PRE00_S_00000311.pdb 1C75_A.pdb                0.546181    71     3.651987    43     1.936582   51.408   27.113     0.000000
PRE00_S_00000312.pdb 1C75_A.pdb                0.419314    71     5.356778    27     1.765093   42.606   20.775     0.000000
PRE00_S_00000313.pdb 1C75_A.pdb                0.492780    71     4.560952    34     1.775395   48.592   26.056     0.000000
PRE00_S_00000314.pdb 1C75_A.pdb                0.229824    71     9.383352    11     2.171015   21.127    6.338     0.000000
PRE00_S_00000315.pdb 1C75_A.pdb                0.652963    71     2.826306    55     1.760353   64.085   39.789     0.000000
PRE00_S_00000316.pdb 1C75_A.pdb                0.517785    71     4.074036    38     1.902896   50.352   27.113     0.000000
PRE00_S_00000317.pdb 1C75_A.pdb                0.383093    71     7.814987    24     1.731973   36.620   21.127     0.000000
PRE00_S_00000318.pdb 1C75_A.pdb                0.513038    71     5.169554    38     1.771896   49.648   28.169     0.004000
PRE00_S_00000319.pdb 1C75_A.pdb                0.511536    71     3.730994    34     1.991390   50.000   25.704     0.000000
PRE00_S_00000320.pdb 1C75_A.pdb                0.432107    71     6.132261    32     1.883861   41.549   21.479     0.000000
PRE00_S_00000321.pdb 1C75_A.pdb                0.566615    71     3.575959    45     1.883471   54.577   30.282     0.000000
PRE00_S_00000322.pdb 1C75_A.pdb                0.645439    71     3.029570    48     1.549774   62.676   38.380     0.000000
PRE00_S_00000323.pdb 1C75_A.pdb                0.522692    71     3.756039    35     1.778603   52.113   27.113     0.000000
PRE00_S_00000324.pdb 1C75_A.pdb                0.521381    71     3.987659    34     1.873860   51.408   28.169     0.004000
PRE00_S_00000325.pdb 1C75_A.pdb                0.584276    71     3.354849    46     1.820268   55.986   30.986     0.000000
PRE00_S_00000326.pdb 1C75_A.pdb                0.400936    71     7.428461    30     2.034276   38.028   19.718     0.000000
PRE00_S_00000327.pdb 1C75_A.pdb                0.457022    71     6.282097    33     1.694508   44.366   25.704     0.000000
PRE00_S_00000328.pdb 1C75_A.pdb                0.428874    71     6.088860    29     1.991738   42.254   22.183     0.000000
PRE00_S_00000329.pdb 1C75_A.pdb                0.442945    71     5.856835    33     1.839312   41.549   22.535     0.004000
PRE00_S_00000330.pdb 1C75_A.pdb                0.467974    71     4.274275    33     2.147654   46.479   22.887     0.000000
PRE00_S_00000331.pdb 1C75_A.pdb                0.529699    71     3.521520    41     2.141413   51.056   26.408     0.000000
PRE00_S_00000332.pdb 1C75_A.pdb                0.552472    71     3.658141    41     1.745106   54.225   29.577     0.000000
PRE00_S_00000333.pdb 1C75_A.pdb                0.483170    71     4.858354    38     2.012132   46.831   26.056     0.000000
PRE00_S_00000334.pdb 1C75_A.pdb                0.565590    71     3.705861    47     2.046121   54.577   31.338     0.004000
PRE00_S_00000335.pdb 1C75_A.pdb                0.597650    71     3.097752    49     1.915360   56.690   31.690     0.000000
PRE00_S_00000336.pdb 1C75_A.pdb                0.576785    71     3.142008    42     1.951162   57.394   32.394     0.000000
PRE00_S_00000337.pdb 1C75_A.pdb                0.490773    71     4.407627    36     1.858965   48.944   25.000     0.000000
PRE00_S_00000338.pdb 1C75_A.pdb                0.482966    71     4.356294    29     1.676090   47.887   24.296     0.000000
PRE00_S_00000339.pdb 1C75_A.pdb                0.476566    71     4.601570    29     1.666273   46.127   23.592     0.000000
PRE00_S_00000340.pdb 1C75_A.pdb                0.497256    71     4.257743    34     2.052707   48.592   25.704     0.000000
PRE00_S_00000341.pdb 1C75_A.pdb                0.385347    71     6.657267    25     1.674548   36.268   19.014     0.000000
PRE00_S_00000342.pdb 1C75_A.pdb                0.488657    71     4.307208    36     1.869236   47.535   23.239     0.000000
PRE00_S_00000343.pdb 1C75_A.pdb                0.457254    71     4.649849    30     1.980700   43.662   21.127     0.000000
PRE00_S_00000344.pdb 1C75_A.pdb                0.431411    71     8.275117    28     1.830372   41.549   23.592     0.000000
PRE00_S_00000345.pdb 1C75_A.pdb                0.485378    71     4.119283    35     2.105840   47.183   22.887     0.000000
PRE00_S_00000346.pdb 1C75_A.pdb                0.518868    71     5.483069    42     1.718482   48.239   28.873     0.000000
PRE00_S_00000347.pdb 1C75_A.pdb                0.611121    71     2.826777    43     1.760200   61.620   36.620     0.000000
PRE00_S_00000348.pdb 1C75_A.pdb                0.526556    71     3.462549    43     2.177716   50.704   25.704     0.000000
PRE00_S_00000349.pdb 1C75_A.pdb                0.559256    71     3.396781    45     2.045278   54.930   30.634     0.000000
PRE00_S_00000350.pdb 1C75_A.pdb                0.563685    71     3.229489    36     1.750325   56.338   31.690     0.000000
PRE00_S_00000351.pdb 1C75_A.pdb                0.329934    71     8.145037    21     1.905903   31.338   15.493     0.000000
PRE00_S_00000352.pdb 1C75_A.pdb                0.533131    71     4.054203    45     2.146105   51.408   27.817     0.000000
PRE00_S_00000353.pdb 1C75_A.pdb                0.397825    71     9.346889    26     1.453968   38.732   23.592     0.000000
PRE00_S_00000354.pdb 1C75_A.pdb                0.541614    71     3.912069    45     2.005769   52.113   27.817     0.000000
PRE00_S_00000355.pdb 1C75_A.pdb                0.266126    71     8.008894    15     2.416553   24.296    8.451     0.000000
PRE00_S_00000356.pdb 1C75_A.pdb                0.380156    71     6.603314    28     2.048755   36.268   17.606     0.000000
PRE00_S_00000357.pdb 1C75_A.pdb                0.469300    71     6.038819    35     1.830387   43.662   24.296     0.000000
PRE00_S_00000358.pdb 1C75_A.pdb                0.506314    71     4.121873    41     2.130511   47.535   24.648     0.000000
PRE00_S_00000359.pdb 1C75_A.pdb                0.502523    71     3.844541    39     2.077648   49.296   24.296     0.000000
PRE00_S_00000360.pdb 1C75_A.pdb                0.459602    71     5.831492    31     1.842442   44.014   23.592     0.000000
PRE00_S_00000361.pdb 1C75_A.pdb                0.577369    71     3.068916    47     2.048771   55.986   31.338     0.000000
PRE00_S_00000362.pdb 1C75_A.pdb                0.478773    71     4.071728    36     2.160204   46.479   22.887     0.000000
PRE00_S_00000363.pdb 1C75_A.pdb                0.489426    71     6.039163    32     1.176165   47.535   28.873     0.000000
PRE00_S_00000364.pdb 1C75_A.pdb                0.520314    71     3.544565    40     2.132064   51.761   26.761     0.000000
PRE00_S_00000365.pdb 1C75_A.pdb                0.469640    71     4.628307    33     2.068433   45.423   22.535     0.004000
PRE00_S_00000366.pdb 1C75_A.pdb                0.483040    71     4.078215    31     2.035164   48.592   24.296     0.000000
PRE00_S_00000367.pdb 1C75_A.pdb                0.449712    71     4.792644    29     1.926192   43.662   21.479     0.000000
PRE00_S_00000368.pdb 1C75_A.pdb                0.612291    71     3.220851    47     1.775042   59.507   36.268     0.004000
PRE00_S_00000369.pdb 1C75_A.pdb                0.612317    71     3.080937    47     1.788932   58.099   33.803     0.000000
PRE00_S_00000370.pdb 1C75_A.pdb                0.435365    71     4.324613    28     2.260966   44.718   20.070     0.000000
PRE00_S_00000371.pdb 1C75_A.pdb                0.403844    71     5.429915    25     1.970879   40.141   18.662     0.004000
PRE00_S_00000372.pdb 1C75_A.pdb                0.423851    71     6.974535    27     1.699145   42.254   24.648     0.000000
PRE00_S_00000373.pdb 1C75_A.pdb                0.475698    71     5.647769    31     1.378578   44.718   25.352     0.000000
PRE00_S_00000374.pdb 1C75_A.pdb                0.483347    71     4.078710    36     2.003810   48.239   23.239     0.000000
PRE00_S_00000375.pdb 1C75_A.pdb                0.542512    71     4.143451    37     1.742019   55.282   32.042     0.000000
PRE00_S_00000376.pdb 1C75_A.pdb                0.468911    71     6.385466    31     1.549399   44.718   24.296     0.000000
PRE00_S_00000377.pdb 1C75_A.pdb                0.506692    71     5.657690    37     1.788556   48.944   28.873     0.000000
PRE00_S_00000378.pdb 1C75_A.pdb                0.505051    71     3.895022    36     2.001595   47.887   23.944     0.000000
PRE00_S_00000379.pdb 1C75_A.pdb                0.333938    71     8.301089    19     1.583746   32.746   15.493     0.000000
PRE00_S_00000380.pdb 1C75_A.pdb                0.484355    71     4.314555    31     1.972537   48.944   25.352     0.004000
PRE00_S_00000381.pdb 1C75_A.pdb                0.539763    71     3.690528    44     2.075960   52.113   27.817     0.000000
PRE00_S_00000382.pdb 1C75_A.pdb                0.260857    71    10.465988    13     1.562904   24.648   11.620     0.000000
PRE00_S_00000383.pdb 1C75_A.pdb                0.484863    71     3.864901    34     2.038676   47.887   22.887     0.000000
PRE00_S_00000384.pdb 1C75_A.pdb                0.455335    71     5.790492    32     1.697952   44.366   24.648     0.000000
PRE00_S_00000385.pdb 1C75_A.pdb                0.575575    71     3.043245    49     2.113497   55.634   30.634     0.000000
PRE00_S_00000386.pdb 1C75_A.pdb                0.584909    71     3.254866    46     1.989780   57.746   33.451     0.000000
PRE00_S_00000387.pdb 1C75_A.pdb                0.375998    71     7.587438    27     1.754992   36.972   19.718     0.000000
PRE00_S_00000388.pdb 1C75_A.pdb                0.588655    71     2.903310    48     2.028665   56.338   31.338     0.000000
PRE00_S_00000389.pdb 1C75_A.pdb                0.362810    71     6.277619    22     2.052724   34.859   15.845     0.000000
PRE00_S_00000390.pdb 1C75_A.pdb                0.434952    71     6.224522    35     2.095349   41.549   21.831     0.004000
PRE00_S_00000391.pdb 1C75_A.pdb                0.504799    71     4.612039    37     1.644531   49.648   26.408     0.000000
PRE00_S_00000392.pdb 1C75_A.pdb                0.407933    71     8.045330    30     1.646936   39.789   22.887     0.000000
PRE00_S_00000393.pdb 1C75_A.pdb                0.452335    71     6.353722    37     2.020228   42.958   24.648     0.000000
PRE00_S_00000394.pdb 1C75_A.pdb                0.493445    71     4.170120    32     1.868613   50.000   26.056     0.000000
PRE00_S_00000395.pdb 1C75_A.pdb                0.531269    71     3.904211    40     2.041769   50.704   27.113     0.004000
PRE00_S_00000396.pdb 1C75_A.pdb                0.447387    71     8.710560    29     1.362147   42.958   28.873     0.004000
PRE00_S_00000397.pdb 1C75_A.pdb                0.515757    71     4.080697    39     2.015446   50.000   27.113     0.000000
PRE00_S_00000398.pdb 1C75_A.pdb                0.621286    71     3.037725    49     1.782063   61.620   36.972     0.000000
PRE00_S_00000399.pdb 1C75_A.pdb                0.481809    71     4.416271    37     2.177982   47.183   24.296     0.004000
PRE00_S_00000400.pdb 1C75_A.pdb                0.501837    71     4.263256    41     2.221321   47.183   24.296     0.000000
PRE00_S_00000401.pdb 1C75_A.pdb                0.484929    71     5.438049    39     2.038709   46.127   25.000     0.000000
PRE00_S_00000402.pdb 1C75_A.pdb                0.545217    71     3.153014    41     2.046759   51.408   26.408     0.000000
PRE00_S_00000403.pdb 1C75_A.pdb                0.315143    71    10.291587    20     1.899649   30.282   15.141     0.000000
PRE00_S_00000404.pdb 1C75_A.pdb                0.512591    71     4.499509    36     1.925550   50.000   27.465     0.000000
PRE00_S_00000405.pdb 1C75_A.pdb                0.514386    71     4.936615    40     1.830930   48.944   28.873     0.000000
PRE00_S_00000406.pdb 1C75_A.pdb                0.541651    71     3.720473    35     1.595749   53.169   29.225     0.000000
PRE00_S_00000407.pdb 1C75_A.pdb                0.522408    71     3.763470    40     2.076126   50.352   26.408     0.000000
PRE00_S_00000408.pdb 1C75_A.pdb                0.476900    71     4.991458    33     1.768874   46.479   25.000     0.004000
PRE00_S_00000409.pdb 1C75_A.pdb                0.531346    71     5.130191    38     1.607836   51.056   31.690     0.000000
PRE00_S_00000410.pdb 1C75_A.pdb                0.376256    71     8.346056    26     1.724166   35.915   19.718     0.000000
PRE00_S_00000411.pdb 1C75_A.pdb                0.468883    71     4.790988    33     1.936812   46.127   23.944     0.000000
PRE00_S_00000412.pdb 1C75_A.pdb                0.488007    71     3.965108    36     2.233968   48.944   24.648     0.000000
PRE00_S_00000413.pdb 1C75_A.pdb                0.558099    71     3.292725    43     2.029238   53.521   28.873     0.000000
PRE00_S_00000414.pdb 1C75_A.pdb                0.601732    71     3.359577    49     1.811743   58.099   33.803     0.000000
PRE00_S_00000415.pdb 1C75_A.pdb                0.546540    71     3.285624    41     2.080212   52.817   27.817     0.000000
PRE00_S_00000416.pdb 1C75_A.pdb                0.479821    71     4.617800    28     1.684282   47.887   25.000     0.004000
PRE00_S_00000417.pdb 1C75_A.pdb                0.472799    71     4.504701    36     2.088855   44.366   22.183     0.000000
PRE00_S_00000418.pdb 1C75_A.pdb                0.555368    71     3.642665    45     1.932745   52.817   28.169     0.000000
PRE00_S_00000419.pdb 1C75_A.pdb                0.496571    71     4.016750    32     1.946303   48.592   24.296     0.000000
PRE00_S_00000420.pdb 1C75_A.pdb                0.452137    71     8.310805    32     1.753047   42.606   24.648     0.000000
PRE00_S_00000421.pdb 1C75_A.pdb                0.467042    71     4.102837    33     2.234963   46.479   22.535     0.000000
PRE00_S_00000422.pdb 1C75_A.pdb                0.490105    71     6.098696    34     1.570369   48.944   29.225     0.000000
PRE00_S_00000423.pdb 1C75_A.pdb                0.503218    71     4.278526    38     2.028094   48.944   25.704     0.000000
PRE00_S_00000424.pdb 1C75_A.pdb                0.556725    71     3.983740    46     1.975444   53.521   29.577     0.004000
PRE00_S_00000425.pdb 1C75_A.pdb                0.551510    71     3.870321    38     1.562827   53.169   29.930     0.004000
PRE00_S_00000426.pdb 1C75_A.pdb                0.459007    71     6.767468    34     1.934854   44.718   25.000     0.000000
PRE00_S_00000427.pdb 1C75_A.pdb                0.551936    71     4.369888    41     1.622467   54.577   32.042     0.000000
PRE00_S_00000428.pdb 1C75_A.pdb                0.519162    71     5.239328    43     1.922590   47.183   25.704     0.004000
PRE00_S_00000429.pdb 1C75_A.pdb                0.263922    71     9.891105    14     1.779129   25.000   10.563     0.000000
PRE00_S_00000430.pdb 1C75_A.pdb                0.416492    71     5.837165    26     1.690608   41.197   20.423     0.000000
PRE00_S_00000431.pdb 1C75_A.pdb                0.565116    71     3.499323    42     1.837095   56.338   31.690     0.004000
PRE00_S_00000432.pdb 1C75_A.pdb                0.491391    71     4.970665    37     1.944338   44.718   23.944     0.000000
PRE00_S_00000433.pdb 1C75_A.pdb                0.431087    71     5.367295    29     1.991570   41.549   21.127     0.000000
PRE00_S_00000434.pdb 1C75_A.pdb                0.421516    71     5.149966    25     1.686562   41.901   19.718     0.000000
PRE00_S_00000435.pdb 1C75_A.pdb                0.510599    71     4.170765    38     1.893907   50.000   26.056     0.000000
PRE00_S_00000436.pdb 1C75_A.pdb                0.501566    71     3.931000    31     1.922722   50.000   26.056     0.000000
PRE00_S_00000437.pdb 1C75_A.pdb                0.390791    71     8.814740    29     1.800178   35.211   19.014     0.000000
PRE00_S_00000438.pdb 1C75_A.pdb                0.630188    71     3.066977    53     1.812241   60.211   35.915     0.000000
PRE00_S_00000439.pdb 1C75_A.pdb                0.485989    71     3.818207    30     2.129357   49.296   25.000     0.004000
PRE00_S_00000440.pdb 1C75_A.pdb                0.436357    71     6.284109    33     1.939180   40.845   22.183     0.000000
PRE00_S_00000441.pdb 1C75_A.pdb                0.478376    71     5.180466    40     2.052297   44.014   23.239     0.000000
PRE00_S_00000442.pdb 1C75_A.pdb                0.476522    71     5.386200    35     1.935076   45.775   25.352     0.000000
PRE00_S_00000443.pdb 1C75_A.pdb                0.577418    71     3.127060    48     2.033016   54.577   30.282     0.000000
PRE00_S_00000444.pdb 1C75_A.pdb                0.479002    71     4.245071    36     2.091842   47.183   23.239     0.000000
PRE00_S_00000445.pdb 1C75_A.pdb                0.399426    71     4.652988    24     2.228834   40.141   15.845     0.000000
PRE00_S_00000446.pdb 1C75_A.pdb                0.455254    71     8.746388    36     1.941005   44.366   26.408     0.000000
PRE00_S_00000447.pdb 1C75_A.pdb                0.398561    71     9.595235    26     1.449263   40.141   24.648     0.000000
PRE00_S_00000448.pdb 1C75_A.pdb                0.497530    71     3.651586    32     2.006347   48.944   24.648     0.000000
PRE00_S_00000449.pdb 1C75_A.pdb                0.507053    71     3.914750    37     1.932430   48.592   23.944     0.000000
PRE00_S_00000450.pdb 1C75_A.pdb                0.490179    71     3.801796    35     2.062084   48.592   23.944     0.000000
PRE00_S_00000451.pdb 1C75_A.pdb                0.263735    71    11.865590    16     1.589386   24.648   12.676     0.000000
PRE00_S_00000452.pdb 1C75_A.pdb                0.567682    71     3.710700    42     1.762616   54.930   30.986     0.000000
PRE00_S_00000453.pdb 1C75_A.pdb                0.485275    71     4.582898    37     2.051295   47.183   24.296     0.000000
PRE00_S_00000454.pdb 1C75_A.pdb                0.463857    71     4.619163    34     2.064145   45.070   23.592     0.000000
PRE00_S_00000455.pdb 1C75_A.pdb                0.467212    71     4.227756    33     2.149235   45.775   22.535     0.000000
PRE00_S_00000456.pdb 1C75_A.pdb                0.480267    71     4.694535    31     1.556486   47.183   24.648     0.004000
PRE00_S_00000457.pdb 1C75_A.pdb                0.502800    71     3.899595    37     2.111359   48.239   25.000     0.004000
PRE00_S_00000458.pdb 1C75_A.pdb                0.446681    71     8.734199    34     1.880867   41.901   24.296     0.000000
PRE00_S_00000459.pdb 1C75_A.pdb                0.540506    71     3.781091    39     1.773736   52.113   27.817     0.004000
PRE00_S_00000460.pdb 1C75_A.pdb                0.491967    71     4.107884    31     1.929554   50.000   26.408     0.004000
PRE00_S_00000461.pdb 1C75_A.pdb                0.520192    71     3.949824    37     1.784616   50.000   25.704     0.000000
PRE00_S_00000462.pdb 1C75_A.pdb                0.528045    71     3.735892    40     1.964383   51.761   27.113     0.000000
PRE00_S_00000463.pdb 1C75_A.pdb                0.414418    71     4.863437    26     2.058959   41.197   17.958     0.000000
PRE00_S_00000464.pdb 1C75_A.pdb                0.391437    71     7.296113    29     1.969707   35.563   18.310     0.004000
PRE00_S_00000465.pdb 1C75_A.pdb                0.485528    71     3.884139    38     2.154633   46.127   21.479     0.000000
PRE00_S_00000466.pdb 1C75_A.pdb                0.437304    71     4.800795    32     2.171193   42.606   19.718     0.000000
PRE00_S_00000467.pdb 1C75_A.pdb                0.519444    71     4.148932    41     2.031882   48.239   25.000     0.000000
PRE00_S_00000468.pdb 1C75_A.pdb                0.539688    71     3.623086    40     1.962548   52.465   27.817     0.000000
PRE00_S_00000469.pdb 1C75_A.pdb                0.495372    71     4.503409    33     1.645202   51.056   26.761     0.000000
PRE00_S_00000470.pdb 1C75_A.pdb                0.477593    71     4.000936    34     2.120438   46.479   22.183     0.000000
PRE00_S_00000471.pdb 1C75_A.pdb                0.375145    71     8.524977    25     1.877567   36.620   22.183     0.004000
PRE00_S_00000472.pdb 1C75_A.pdb                0.421941    71     8.551253    31     2.055251   40.493   21.831     0.000000
PRE00_S_00000473.pdb 1C75_A.pdb                0.311878    71     9.412064    18     1.881396   29.225   13.732     0.000000
PRE00_S_00000474.pdb 1C75_A.pdb                0.526757    71     4.198054    42     1.966676   50.000   27.113     0.000000
PRE00_S_00000475.pdb 1C75_A.pdb                0.477640    71     4.564193    41     2.198967   45.423   22.535     0.000000
PRE00_S_00000476.pdb 1C75_A.pdb                0.545563    71     4.063334    43     2.006541   54.930   31.690     0.000000
PRE00_S_00000477.pdb 1C75_A.pdb                0.511720    71     3.926179    35     1.867318   51.056   26.761     0.000000
PRE00_S_00000478.pdb 1C75_A.pdb                0.576560    71     3.738886    45     1.712901   55.634   31.338     0.000000
PRE00_S_00000479.pdb 1C75_A.pdb                0.307898    71     8.658266    18     1.791228   28.169   13.732     0.000000
PRE00_S_00000480.pdb 1C75_A.pdb                0.536058    71     4.590695    40     1.698997   52.817   31.338     0.000000
PRE00_S_00000481.pdb 1C75_A.pdb                0.526828    71     3.582684    37     1.926922   52.113   27.113     0.000000
PRE00_S_00000482.pdb 1C75_A.pdb                0.570237    71     3.527764    39     1.767381   56.338   32.042     0.000000
PRE00_S_00000483.pdb 1C75_A.pdb                0.457127    71     4.144211    32     2.244383   44.366   20.775     0.000000
PRE00_S_00000484.pdb 1C75_A.pdb                0.501629    71     4.438142    36     1.753946   51.056   27.113     0.004000
PRE00_S_00000485.pdb 1C75_A.pdb                0.398922    71     5.125645    27     2.395864   38.732   16.549     0.000000
PRE00_S_00000486.pdb 1C75_A.pdb                0.482923    71     3.881514    34     2.159130   45.775   21.479     0.000000
PRE00_S_00000487.pdb 1C75_A.pdb                0.596177    71     3.068899    51     2.005184   56.690   32.042     0.000000
PRE00_S_00000488.pdb 1C75_A.pdb                0.483833    71     4.415818    33     1.940553   47.183   25.000     0.000000
PRE00_S_00000489.pdb 1C75_A.pdb                0.573475    71     3.193527    46     2.011018   55.282   30.282     0.000000
PRE00_S_00000490.pdb 1C75_A.pdb                0.534041    71     4.137518    43     1.834830   52.465   28.521     0.000000
PRE00_S_00000491.pdb 1C75_A.pdb                0.572295    71     3.776215    48     1.941544   53.521   30.282     0.000000
PRE00_S_00000492.pdb 1C75_A.pdb                0.475586    71     4.250928    34     2.053603   46.831   22.887     0.000000
PRE00_S_00000493.pdb 1C75_A.pdb                0.456709    71     5.911575    32     1.677400   45.775   25.352     0.000000
PRE00_S_00000494.pdb 1C75_A.pdb                0.462208    71     4.164259    30     2.110402   45.423   21.479     0.000000
PRE00_S_00000495.pdb 1C75_A.pdb                0.520910    71     3.810984    40     2.019523   50.704   25.704     0.000000
PRE00_S_00000496.pdb 1C75_A.pdb                0.552513    71     3.384062    45     2.085006   54.225   29.577     0.000000
PRE00_S_00000497.pdb 1C75_A.pdb                0.500067    71     4.458099    29     1.427752   50.704   28.169     0.000000
PRE00_S_00000498.pdb 1C75_A.pdb                0.565494    71     3.362261    38     1.706457   55.986   30.986     0.000000
PRE00_S_00000499.pdb 1C75_A.pdb                0.464683    71     4.217787    31     2.023855   44.014   20.070     0.000000
PRE00_S_00000500.pdb 1C75_A.pdb                0.474884    71     3.884319    32     2.144676   45.775   21.479     0.000000
PRE00_S_00000501.pdb 1C75_A.pdb                0.544804    71     3.309895    42     2.018970   53.169   28.169     0.000000
PRE00_S_00000502.pdb 1C75_A.pdb                0.344952    71     7.925865    22     1.782463   33.451   16.549     0.000000
PRE00_S_00000503.pdb 1C75_A.pdb                0.492860    71     4.819126    31     1.534726   50.352   28.169     0.000000
PRE00_S_00000504.pdb 1C75_A.pdb                0.556353    71     3.301715    44     2.065789   53.873   28.873     0.000000
PRE00_S_00000505.pdb 1C75_A.pdb                0.433270    71     5.104575    29     2.077367   41.197   19.014     0.000000
PRE00_S_00000506.pdb 1C75_A.pdb                0.532419    71     3.706759    38     1.904251   52.465   28.169     0.004000
PRE00_S_00000507.pdb 1C75_A.pdb                0.267466    71    12.460359    15     1.400428   27.465   15.493     0.000000
PRE00_S_00000508.pdb 1C75_A.pdb                0.569450    71     3.239403    45     1.992082   54.577   29.930     0.000000
PRE00_S_00000509.pdb 1C75_A.pdb                0.483409    71     3.963117    31     2.014054   48.239   23.592     0.000000
PRE00_S_00000510.pdb 1C75_A.pdb                0.509215    71     3.712298    37     2.040310   48.944   24.296     0.000000
PRE00_S_00000511.pdb 1C75_A.pdb                0.477147    71     4.046212    27     1.671533   47.535   23.239     0.000000
PRE00_S_00000512.pdb 1C75_A.pdb                0.412271    71     8.530198    29     1.557920   40.141   23.592     0.000000
PRE00_S_00000513.pdb 1C75_A.pdb                0.478822    71     4.399360    35     2.110938   46.479   23.239     0.000000
PRE00_S_00000514.pdb 1C75_A.pdb                0.544950    71     3.901604    44     2.098502   53.521   30.282     0.000000
PRE00_S_00000515.pdb 1C75_A.pdb                0.458453    71     4.862990    33     1.895676   45.423   22.535     0.000000
PRE00_S_00000516.pdb 1C75_A.pdb                0.341696    71     7.627338    26     2.327683   33.803   15.141     0.000000
PRE00_S_00000517.pdb 1C75_A.pdb                0.483672    71     3.959546    37     2.223847   47.183   22.887     0.000000
PRE00_S_00000518.pdb 1C75_A.pdb                0.544938    71     4.319236    41     1.636044   53.521   30.282     0.000000
PRE00_S_00000519.pdb 1C75_A.pdb                0.459132    71     4.071203    29     2.070648   46.479   22.183     0.000000
PRE00_S_00000520.pdb 1C75_A.pdb                0.583267    71     3.306676    46     1.922795   56.338   31.338     0.000000
PRE00_S_00000521.pdb 1C75_A.pdb                0.456928    71     4.508526    29     1.912571   47.887   23.592     0.000000
PRE00_S_00000522.pdb 1C75_A.pdb                0.342407    71     9.275794    22     1.941537   32.394   16.197     0.000000
PRE00_S_00000523.pdb 1C75_A.pdb                0.410646    71     7.924183    26     1.934567   39.085   20.423     0.004000
PRE00_S_00000524.pdb 1C75_A.pdb                0.447494    71     4.337717    29     2.109134   42.958   19.014     0.004000
PRE00_S_00000525.pdb 1C75_A.pdb                0.404059    71     6.829812    28     1.747554   38.380   21.127     0.000000
PRE00_S_00000526.pdb 1C75_A.pdb                0.357934    71     8.189120    19     1.469059   34.507   18.310     0.000000
PRE00_S_00000527.pdb 1C75_A.pdb                0.490374    71     3.946482    32     1.890120   50.352   25.704     0.000000
PRE00_S_00000528.pdb 1C75_A.pdb                0.541079    71     3.664168    40     1.940734   53.521   29.225     0.000000
PRE00_S_00000529.pdb 1C75_A.pdb                0.533498    71     3.694110    42     1.994384   52.465   27.817     0.004000
PRE00_S_00000530.pdb 1C75_A.pdb                0.474094    71     4.231924    33     1.940169   46.479   22.887     0.000000
PRE00_S_00000531.pdb 1C75_A.pdb                0.484717    71     4.025317    30     1.882732   47.535   23.592     0.000000
PRE00_S_00000532.pdb 1C75_A.pdb                0.492922    71     6.286769    39     1.787101   46.479   27.817     0.004000
PRE00_S_00000533.pdb 1C75_A.pdb                0.475278    71     4.304709    33     2.101200   46.831   23.239     0.000000
PRE00_S_00000534.pdb 1C75_A.pdb                0.420526    71     5.493756    26     1.710850   40.141   19.718     0.000000
PRE00_S_00000535.pdb 1C75_A.pdb                0.406095    71     5.787614    25     1.845596   40.845   21.127     0.000000
PRE00_S_00000536.pdb 1C75_A.pdb                0.541440    71     3.450981    41     1.946380   51.056   26.056     0.000000
PRE00_S_00000537.pdb 1C75_A.pdb                0.465706    71     4.832765    30     1.801838   45.775   23.944     0.000000
PRE00_S_00000538.pdb 1C75_A.pdb                0.352754    71     8.653886    24     1.896932   35.211   16.901     0.000000
PRE00_S_00000539.pdb 1C75_A.pdb                0.492152    71     4.220693    39     2.155968   47.535   23.944     0.000000
PRE00_S_00000540.pdb 1C75_A.pdb                0.593635    71     3.024309    51     2.034608   55.986   31.338     0.000000
PRE00_S_00000541.pdb 1C75_A.pdb                0.517393    71     4.026673    37     1.898364   49.296   25.704     0.000000
PRE00_S_00000542.pdb 1C75_A.pdb                0.490803    71     4.711632    33     1.782366   48.944   26.056     0.000000
PRE00_S_00000543.pdb 1C75_A.pdb                0.387207    71     9.619316    28     1.777434   35.915   22.183     0.000000
PRE00_S_00000544.pdb 1C75_A.pdb                0.537790    71     4.391896    36     1.495835   53.521   30.634     0.000000
PRE00_S_00000545.pdb 1C75_A.pdb                0.323318    71    10.268515    20     1.767462   31.338   15.845     0.000000
PRE00_S_00000546.pdb 1C75_A.pdb                0.541348    71     3.553637    45     2.081906   51.408   27.113     0.000000
PRE00_S_00000547.pdb 1C75_A.pdb                0.567872    71     3.516560    43     1.791822   54.225   29.577     0.000000
PRE00_S_00000548.pdb 1C75_A.pdb                0.532641    71     5.365164    38     1.583076   52.465   31.690     0.000000
PRE00_S_00000549.pdb 1C75_A.pdb                0.424966    71     4.891038    28     2.104618   41.197   18.310     0.000000
PRE00_S_00000550.pdb 1C75_A.pdb                0.498643    71     3.803307    37     2.182056   50.352   25.704     0.000000
PRE00_S_00000551.pdb 1C75_A.pdb                0.494710    71     4.032301    34     2.004541   49.648   26.761     0.000000
PRE00_S_00000552.pdb 1C75_A.pdb                0.363410    71     8.586153    23     1.654839   34.507   16.549     0.000000
PRE00_S_00000553.pdb 1C75_A.pdb                0.529481    71     3.738813    38     1.796206   52.465   27.465     0.000000
PRE00_S_00000554.pdb 1C75_A.pdb                0.408933    71     6.868673    26     1.919051   39.085   20.423     0.000000
PRE00_S_00000555.pdb 1C75_A.pdb                0.490650    71     3.868092    34     2.084266   48.239   23.592     0.004000
PRE00_S_00000556.pdb 1C75_A.pdb                0.449211    71     5.125644    29     1.758710   44.366   22.887     0.000000
PRE00_S_00000557.pdb 1C75_A.pdb                0.563897    71     3.211408    46     2.055551   55.282   30.282     0.000000
PRE00_S_00000558.pdb 1C75_A.pdb                0.595686    71     3.296026    47     1.836047   59.507   34.859     0.004000
PRE00_S_00000559.pdb 1C75_A.pdb                0.419831    71     4.441307    22     2.182652   41.549   18.310     0.000000
PRE00_S_00000560.pdb 1C75_A.pdb                0.453370    71     5.946924    34     1.824211   41.197   23.239     0.000000
PRE00_S_00000561.pdb 1C75_A.pdb                0.606786    71     3.053736    49     1.880278   56.690   32.394     0.004000
PRE00_S_00000562.pdb 1C75_A.pdb                0.391222    71     6.137789    25     1.856439   38.380   19.366     0.000000
PRE00_S_00000563.pdb 1C75_A.pdb                0.492840    71     3.986391    34     2.028736   48.239   24.296     0.000000
PRE00_S_00000564.pdb 1C75_A.pdb                0.453831    71     6.053394    35     1.952479   43.310   24.296     0.000000
PRE00_S_00000565.pdb 1C75_A.pdb                0.518485    71     4.173692    41     2.007999   48.944   25.704     0.000000
PRE00_S_00000566.pdb 1C75_A.pdb                0.499583    71     3.630077    36     2.214155   49.648   25.000     0.000000
PRE00_S_00000567.pdb 1C75_A.pdb                0.525299    71     3.399990    38     2.084846   52.465   27.817     0.000000
PRE00_S_00000568.pdb 1C75_A.pdb                0.547670    71     3.844586    46     2.065580   52.113   28.169     0.000000
PRE00_S_00000569.pdb 1C75_A.pdb                0.470140    71     8.644723    38     1.844502   44.366   26.761     0.000000
PRE00_S_00000570.pdb 1C75_A.pdb                0.415223    71     7.003666    25     1.588426   40.845   21.831     0.000000
PRE00_S_00000571.pdb 1C75_A.pdb                0.435904    71     4.859822    28     2.104230   43.310   20.423     0.000000
PRE00_S_00000572.pdb 1C75_A.pdb                0.483631    71     5.370229    37     1.864880   46.831   25.704     0.000000
PRE00_S_00000573.pdb 1C75_A.pdb                0.558543    71     3.856439    44     1.852151   53.873   30.634     0.000000
PRE00_S_00000574.pdb 1C75_A.pdb                0.419276    71     4.944027    25     2.009850   40.141   17.958     0.000000
PRE00_S_00000575.pdb 1C75_A.pdb                0.328437    71    10.067270    19     1.110006   33.099   19.366     0.000000
PRE00_S_00000576.pdb 1C75_A.pdb                0.549187    71     3.810749    42     1.925132   51.761   28.169     0.000000
PRE00_S_00000577.pdb 1C75_A.pdb                0.473771    71     4.229485    33     2.017020   46.127   22.183     0.004000
PRE00_S_00000578.pdb 1C75_A.pdb                0.551365    71     3.366342    39     1.858644   52.817   27.817     0.000000
PRE00_S_00000579.pdb 1C75_A.pdb                0.545968    71     3.749617    42     1.948261   53.521   29.930     0.000000
PRE00_S_00000580.pdb 1C75_A.pdb                0.468309    71     4.386814    36     2.202368   44.366   20.775     0.000000
PRE00_S_00000581.pdb 1C75_A.pdb                0.495204    71     4.777954    35     1.740882   47.887   26.056     0.000000
PRE00_S_00000582.pdb 1C75_A.pdb                0.457911    71     7.108019    33     1.599790   44.366   26.761     0.000000
PRE00_S_00000583.pdb 1C75_A.pdb                0.473005    71     5.420246    34     1.665747   46.127   25.704     0.004000
PRE00_S_00000584.pdb 1C75_A.pdb                0.545965    71     4.031392    37     1.804312   54.577   30.986     0.000000
PRE00_S_00000585.pdb 1C75_A.pdb                0.500511    71     4.355712    38     1.891116   48.592   25.704     0.000000
PRE00_S_00000586.pdb 1C75_A.pdb                0.489045    71     4.557804    35     1.960082   46.831   23.592     0.000000
PRE00_S_00000587.pdb 1C75_A.pdb                0.445575    71     8.078988    31     1.868648   42.254   23.592     0.000000
PRE00_S_00000588.pdb 1C75_A.pdb                0.524322    71     3.625373    38     1.994207   51.408   26.408     0.000000
PRE00_S_00000589.pdb 1C75_A.pdb                0.340925    71    11.347487    23     1.641277   32.394   18.310     0.000000
PRE00_S_00000590.pdb 1C75_A.pdb                0.472309    71     4.251777    30     2.094029   46.831   23.592     0.000000
PRE00_S_00000591.pdb 1C75_A.pdb                0.527755    71     3.651930    38     2.000702   51.056   26.408     0.000000
PRE00_S_00000592.pdb 1C75_A.pdb                0.389802    71     8.268711    24     1.216257   37.324   25.352     0.000000
PRE00_S_00000593.pdb 1C75_A.pdb                0.354634    71     7.300120    25     1.957240   34.859   19.014     0.000000
PRE00_S_00000594.pdb 1C75_A.pdb                0.560415    71     3.723584    47     2.005176   54.577   30.986     0.000000
PRE00_S_00000595.pdb 1C75_A.pdb                0.516713    71     3.704370    34     1.847956   50.352   25.352     0.000000
PRE00_S_00000596.pdb 1C75_A.pdb                0.560962    71     3.408194    41     1.821449   54.225   29.577     0.004000
PRE00_S_00000597.pdb 1C75_A.pdb                0.458068    71     4.575231    31     1.926448   46.831   22.535     0.000000
PRE00_S_00000598.pdb 1C75_A.pdb                0.331072    71     9.579826    20     1.405935   32.042   17.958     0.000000
PRE00_S_00000599.pdb 1C75_A.pdb                0.496504    71     4.185113    33     1.985173   48.592   25.704     0.000000
PRE00_S_00000600.pdb 1C75_A.pdb                0.467903    71     5.180694    32     1.896681   45.423   24.648     0.000000
PRE00_S_00000601.pdb 1C75_A.pdb                0.540594    71     3.449100    40     1.992016   52.113   27.817     0.000000
PRE00_S_00000602.pdb 1C75_A.pdb                0.436981    71     5.560451    30     1.935315   42.254   20.775     0.000000
PRE00_S_00000603.pdb 1C75_A.pdb                0.480548    71     4.587661    36     2.080626   46.831   24.296     0.000000
PRE00_S_00000604.pdb 1C75_A.pdb                0.437066    71     5.107726    29     2.083939   41.197   19.718     0.004000
PRE00_S_00000605.pdb 1C75_A.pdb                0.497921    71     4.328016    37     1.926787   49.648   26.408     0.000000
PRE00_S_00000606.pdb 1C75_A.pdb                0.517172    71     3.976389    36     1.894425   49.296   26.056     0.000000
PRE00_S_00000607.pdb 1C75_A.pdb                0.484627    71     4.480778    37     2.100570   47.535   23.944     0.004000
PRE00_S_00000608.pdb 1C75_A.pdb                0.483663    71     5.552403    34     1.742226   46.831   25.352     0.000000
PRE00_S_00000609.pdb 1C75_A.pdb                0.449671    71     7.144820    32     1.586124   44.014   26.408     0.000000
PRE00_S_00000610.pdb 1C75_A.pdb                0.475753    71     5.570320    38     1.868837   45.775   25.000     0.000000
PRE00_S_00000611.pdb 1C75_A.pdb                0.448757    71     7.460478    34     1.755732   41.549   24.648     0.000000
PRE00_S_00000612.pdb 1C75_A.pdb                0.510751    71     4.040722    41     2.030912   47.535   23.944     0.000000
PRE00_S_00000613.pdb 1C75_A.pdb                0.599004    71     3.144923    47     1.852406   57.394   33.099     0.000000
PRE00_S_00000614.pdb 1C75_A.pdb                0.447202    71     4.172768    32     2.200837   44.366   19.718     0.004000
PRE00_S_00000615.pdb 1C75_A.pdb                0.470743    71     4.604142    36     2.083974   45.423   22.535     0.000000
PRE00_S_00000616.pdb 1C75_A.pdb                0.527041    71     3.768885    44     2.027362   48.944   24.648     0.000000
PRE00_S_00000617.pdb 1C75_A.pdb                0.553336    71     3.579950    44     1.962635   53.521   29.577     0.000000
PRE00_S_00000618.pdb 1C75_A.pdb                0.436361    71     4.671447    30     2.109025   44.014   20.423     0.000000
PRE00_S_00000619.pdb 1C75_A.pdb                0.546129    71     3.453380    40     1.967926   51.761   27.465     0.000000
PRE00_S_00000620.pdb 1C75_A.pdb                0.353914    71     9.381938    21     1.434870   32.746   18.310     0.000000
PRE00_S_00000621.pdb 1C75_A.pdb                0.495829    71     3.924353    31     1.877876   48.592   24.296     0.000000
PRE00_S_00000622.pdb 1C75_A.pdb                0.557228    71     4.437859    40     1.712307   54.225   32.746     0.004000
PRE00_S_00000623.pdb 1C75_A.pdb                0.537719    71     3.741602    39     2.004614   53.521   29.930     0.000000
PRE00_S_00000624.pdb 1C75_A.pdb                0.586899    71     3.414427    38     1.442210   58.803   34.155     0.004000
PRE00_S_00000625.pdb 1C75_A.pdb                0.358411    71     6.033870    19     2.182950   34.507   13.028     0.000000
PRE00_S_00000626.pdb 1C75_A.pdb                0.471500    71     4.942135    29     1.685711   47.183   24.648     0.000000
PRE00_S_00000627.pdb 1C75_A.pdb                0.369864    71     7.955273    28     1.989482   34.507   17.958     0.000000
PRE00_S_00000628.pdb 1C75_A.pdb                0.457694    71     4.952133    32     1.989043   45.423   22.535     0.004000
PRE00_S_00000629.pdb 1C75_A.pdb                0.464146    71     5.099149    35     1.937118   44.366   23.239     0.000000
PRE00_S_00000630.pdb 1C75_A.pdb                0.473034    71     4.007649    31     2.111410   46.127   21.831     0.000000
PRE00_S_00000631.pdb 1C75_A.pdb                0.259411    71    11.260176    15     1.537641   25.000   13.732     0.004000
PRE00_S_00000632.pdb 1C75_A.pdb                0.449467    71     6.099361    35     2.019264   42.606   22.535     0.000000
PRE00_S_00000633.pdb 1C75_A.pdb                0.513096    71     3.849831    39     2.037100   50.000   25.704     0.004000
PRE00_S_00000634.pdb 1C75_A.pdb                0.452502    71     6.416361    33     1.849016   43.310   24.296     0.000000
PRE00_S_00000635.pdb 1C75_A.pdb                0.505007    71     4.054205    40     2.233059   48.592   25.000     0.000000
PRE00_S_00000636.pdb 1C75_A.pdb                0.518612    71     3.643478    35     1.976090   51.056   26.408     0.000000
PRE00_S_00000637.pdb 1C75_A.pdb                0.524340    71     3.734398    39     1.965318   51.056   26.761     0.000000
PRE00_S_00000638.pdb 1C75_A.pdb                0.522232    71     4.101205    36     1.681190   51.408   27.465     0.000000
PRE00_S_00000639.pdb 1C75_A.pdb                0.456127    71     4.406139    32     2.071401   44.718   21.127     0.004000
PRE00_S_00000640.pdb 1C75_A.pdb                0.464026    71     4.967436    26     1.575517   46.127   24.296     0.004000
PRE00_S_00000641.pdb 1C75_A.pdb                0.494254    71     4.212848    32     1.917616   47.887   24.296     0.000000
PRE00_S_00000642.pdb 1C75_A.pdb                0.437903    71     5.101231    30     2.026557   42.958   20.423     0.000000
PRE00_S_00000643.pdb 1C75_A.pdb                0.506177    71     4.603987    36     1.816441   50.352   28.169     0.000000
PRE00_S_00000644.pdb 1C75_A.pdb                0.536566    71     3.467776    39     2.022321   52.113   27.465     0.000000
PRE00_S_00000645.pdb 1C75_A.pdb                0.532832    71     3.429012    41     2.128056   52.465   27.817     0.000000
PRE00_S_00000646.pdb 1C75_A.pdb                0.574508    71     3.079496    51     2.132290   55.986   30.986     0.000000
PRE00_S_00000647.pdb 1C75_A.pdb                0.346952    71     7.450070    21     1.553659   33.803   21.831     0.000000
PRE00_S_00000648.pdb 1C75_A.pdb                0.395949    71     7.670756    30     1.864295   35.915   19.014     0.000000
PRE00_S_00000649.pdb 1C75_A.pdb                0.520438    71     3.717506    37     1.987357   50.000   25.704     0.000000
PRE00_S_00000650.pdb 1C75_A.pdb                0.424854    71     6.613064    30     1.859618   40.845   21.479     0.000000
PRE00_S_00000651.pdb 1C75_A.pdb                0.538065    71     3.414985    39     1.999495   53.873   29.225     0.000000
PRE00_S_00000652.pdb 1C75_A.pdb                0.435560    71     4.433493    29     2.165278   43.310   19.014     0.000000
PRE00_S_00000653.pdb 1C75_A.pdb                0.373428    71     8.745122    21     1.575118   37.324   19.718     0.000000
PRE00_S_00000654.pdb 1C75_A.pdb                0.492052    71     3.852608    36     2.205337   48.592   24.296     0.000000
PRE00_S_00000655.pdb 1C75_A.pdb                0.452000    71     7.135421    31     1.511088   43.662   25.000     0.000000
PRE00_S_00000656.pdb 1C75_A.pdb                0.532688    71     3.983885    38     1.879412   50.352   26.761     0.000000
PRE00_S_00000657.pdb 1C75_A.pdb                0.435535    71     4.549471    28     1.973115   43.310   19.366     0.000000
PRE00_S_00000658.pdb 1C75_A.pdb                0.570985    71     3.845645    41     1.750470   55.282   33.099     0.000000
PRE00_S_00000659.pdb 1C75_A.pdb                0.577183    71     3.457983    42     1.779438   57.042   32.394     0.000000
PRE00_S_00000660.pdb 1C75_A.pdb                0.523012    71     5.058762    37     1.543943   49.648   29.930     0.000000
PRE00_S_00000661.pdb 1C75_A.pdb                0.352057    71     8.133745    25     2.056937   33.451   17.606     0.000000
PRE00_S_00000662.pdb 1C75_A.pdb                0.518908    71     4.567951    40     1.966921   49.296   27.817     0.000000
PRE00_S_00000663.pdb 1C75_A.pdb                0.426148    71     5.919498    29     1.847423   40.493   22.535     0.004000
PRE00_S_00000664.pdb 1C75_A.pdb                0.398150    71     5.784178    26     2.054182   38.380   17.606     0.000000
PRE00_S_00000665.pdb 1C75_A.pdb                0.502648    71     3.800365    35     2.106982   50.000   25.352     0.000000
PRE00_S_00000666.pdb 1C75_A.pdb                0.575827    71     3.400347    42     1.819252   56.690   33.451     0.000000
PRE00_S_00000667.pdb 1C75_A.pdb                0.487056    71     4.550033    38     2.082994   46.831   23.944     0.000000
PRE00_S_00000668.pdb 1C75_A.pdb                0.536895    71     3.793787    37     1.915426   53.521   29.930     0.000000
PRE00_S_00000669.pdb 1C75_A.pdb                0.589342    71     3.697287    43     1.588127   58.803   35.915     0.000000
PRE00_S_00000670.pdb 1C75_A.pdb                0.508865    71     5.371622    39     1.860868   47.183   27.817     0.000000
PRE00_S_00000671.pdb 1C75_A.pdb                0.453422    71     7.471622    29     1.344143   44.366   26.056     0.000000
PRE00_S_00000672.pdb 1C75_A.pdb                0.429800    71     5.131839    29     2.007501   40.845   19.366     0.000000
PRE00_S_00000673.pdb 1C75_A.pdb                0.535604    71     5.101752    38     1.418492   51.761   33.099     0.000000
PRE00_S_00000674.pdb 1C75_A.pdb                0.515223    71     3.967735    36     1.899154   51.056   28.169     0.000000
PRE00_S_00000675.pdb 1C75_A.pdb                0.568121    71     3.874730    51     2.067784   53.521   30.282     0.000000
PRE00_S_00000676.pdb 1C75_A.pdb                0.477054    71     5.747332    40     1.966060   44.718   25.352     0.000000
PRE00_S_00000677.pdb 1C75_A.pdb                0.501531    71     5.748329    39     1.707088   46.127   28.169     0.000000
PRE00_S_00000678.pdb 1C75_A.pdb                0.489864    71     3.910062    35     2.010417   47.183   22.535     0.000000
PRE00_S_00000679.pdb 1C75_A.pdb                0.458382    71     4.395180    31     2.110238   45.070   21.831     0.000000
PRE00_S_00000680.pdb 1C75_A.pdb                0.561878    71     3.358934    39     1.796164   55.282   30.986     0.004000
PRE00_S_00000681.pdb 1C75_A.pdb                0.518850    71     3.946012    41     2.075838   48.944   25.000     0.000000
PRE00_S_00000682.pdb 1C75_A.pdb                0.521698    71     4.378723    34     1.510509   52.817   29.577     0.000000
PRE00_S_00000683.pdb 1C75_A.pdb                0.523063    71     3.778677    39     2.099540   50.352   26.761     0.000000
PRE00_S_00000684.pdb 1C75_A.pdb                0.584064    71     3.291685    50     1.997691   55.986   32.042     0.000000
PRE00_S_00000685.pdb 1C75_A.pdb                0.525666    71     3.816924    41     1.965684   49.648   24.648     0.000000
PRE00_S_00000686.pdb 1C75_A.pdb                0.370149    71     7.213497    23     1.876930   35.563   16.901     0.000000
PRE00_S_00000687.pdb 1C75_A.pdb                0.480835    71     6.273580    40     1.931003   44.366   25.352     0.000000
PRE00_S_00000688.pdb 1C75_A.pdb                0.507765    71     4.049233    41     2.133466   48.944   25.352     0.000000
PRE00_S_00000689.pdb 1C75_A.pdb                0.590969    71     3.359921    49     1.973527   55.986   32.394     0.000000
PRE00_S_00000690.pdb 1C75_A.pdb                0.549162    71     3.756001    48     2.077571   51.761   27.465     0.000000
PRE00_S_00000691.pdb 1C75_A.pdb                0.626629    71     3.540164    50     1.723608   61.268   37.324     0.004000
PRE00_S_00000692.pdb 1C75_A.pdb                0.434344    71     7.590768    35     1.996902   41.901   23.239     0.000000
PRE00_S_00000693.pdb 1C75_A.pdb                0.421145    71     7.673886    28     1.596401   39.437   22.183     0.000000
PRE00_S_00000694.pdb 1C75_A.pdb                0.566351    71     3.533309    43     1.887556   54.930   31.338     0.000000
PRE00_S_00000695.pdb 1C75_A.pdb                0.446634    71     5.752411    27     1.419703   44.366   25.352     0.000000
PRE00_S_00000696.pdb 1C75_A.pdb                0.526861    71     3.879162    45     2.159592   50.000   26.761     0.000000
PRE00_S_00000697.pdb 1C75_A.pdb                0.520907    71     4.137248    39     1.916187   51.761   28.169     0.000000
PRE00_S_00000698.pdb 1C75_A.pdb                0.440422    71     7.215273    30     1.719299   42.254   23.592     0.000000
PRE00_S_00000699.pdb 1C75_A.pdb                0.499764    71     4.886276    37     1.924629   47.183   26.056     0.000000
PRE00_S_00000700.pdb 1C75_A.pdb                0.473336    71     5.435961    35     1.893903   45.423   25.704     0.000000
PRE00_S_00000701.pdb 1C75_A.pdb                0.502997    71     3.583389    31     2.013558   50.352   25.704     0.004000
PRE00_S_00000702.pdb 1C75_A.pdb                0.653501    71     2.972258    46     1.433273   64.437   40.141     0.000000
PRE00_S_00000703.pdb 1C75_A.pdb                0.552292    71     3.383382    42     1.948761   53.169   28.521     0.004000
PRE00_S_00000704.pdb 1C75_A.pdb                0.450110    71     6.305293    37     2.067763   42.606   23.592     0.000000
PRE00_S_00000705.pdb 1C75_A.pdb                0.513691    71     3.919162    37     2.078981   50.352   26.761     0.000000
PRE00_S_00000706.pdb 1C75_A.pdb                0.414224    71     4.881870    22     1.947032   40.493   18.310     0.000000
PRE00_S_00000707.pdb 1C75_A.pdb                0.378920    71     8.755704    28     2.014471   36.620   19.366     0.000000
PRE00_S_00000708.pdb 1C75_A.pdb                0.423936    71     4.325112    26     2.420913   43.310   19.014     0.000000
PRE00_S_00000709.pdb 1C75_A.pdb                0.520546    71     4.290603    40     1.893494   51.056   28.521     0.000000
PRE00_S_00000710.pdb 1C75_A.pdb                0.545031    71     3.691663    40     1.971112   54.225   30.634     0.000000
############################################################################################################################
# TOTAL RUNNING TIME:         0 h      0 min       1.1200 s
############################################################################################################################
